Korean Petrochemical MACC Database Structure Documentation
============================================================
Loading data from: ../data/Korea_Petrochemical_MACC_Database.xlsx

Available sheets:
  - BaselineConsumption_2023: (9, 11)
  - EmissionFactors: (7, 4)
  - EmissionFactors_TimeSeries: (28, 8)
  - FuelCosts_TimeSeries: (28, 8)
  - AlternativeTechnologies: (18, 15)
  - AlternativeCosts: (18, 4)
  - RegionalFacilities: (8, 14)
  - EmissionsTargets: (5, 4)

DATA ALIGNMENT VALIDATION:
----------------------------------------
Capacity Comparison:
  NCC:
    Baseline:      7500 kt/year
    Facilities:    8980 kt/year
    Difference:   19.7% ❌ MISALIGNED
  BTX:
    Baseline:      3100 kt/year
    Facilities:    4000 kt/year
    Difference:   29.0% ❌ MISALIGNED
  C4:
    Baseline:      1000 kt/year
    Facilities:    1450 kt/year
    Difference:   45.0% ❌ MISALIGNED

1. Creating database overview...

2. Creating individual sheet visualizations...
   - BaselineConsumption_2023...
   - EmissionFactors_TimeSeries...
   - FuelCosts_TimeSeries...
   - RegionalFacilities...
   - AlternativeTechnologies...
   - AlternativeCosts...
Traceback (most recent call last):
  File "/Users/jinsupark/miniforge3/lib/python3.12/site-packages/pandas/core/indexes/base.py", line 3805, in get_loc
    return self._engine.get_loc(casted_key)
           ^^^^^^^^^^^^^^^^^^^^^^^^^^^^^^^^
  File "index.pyx", line 167, in pandas._libs.index.IndexEngine.get_loc
  File "index.pyx", line 196, in pandas._libs.index.IndexEngine.get_loc
  File "pandas/_libs/hashtable_class_helper.pxi", line 7081, in pandas._libs.hashtable.PyObjectHashTable.get_item
  File "pandas/_libs/hashtable_class_helper.pxi", line 7089, in pandas._libs.hashtable.PyObjectHashTable.get_item
KeyError: 'Lifetime_years'

The above exception was the direct cause of the following exception:

Traceback (most recent call last):
  File "/Users/jinsupark/jinsu-coding/petrochemical_macc_2025/baseline/visualize_data_structure.py", line 638, in <module>
    main()
  File "/Users/jinsupark/jinsu-coding/petrochemical_macc_2025/baseline/visualize_data_structure.py", line 619, in main
    visualize_alternative_costs(excel_data['AlternativeCosts'])
  File "/Users/jinsupark/jinsu-coding/petrochemical_macc_2025/baseline/visualize_data_structure.py", line 341, in visualize_alternative_costs
    lifetime_dist = df['Lifetime_years'].value_counts().sort_index()
                    ~~^^^^^^^^^^^^^^^^^^
  File "/Users/jinsupark/miniforge3/lib/python3.12/site-packages/pandas/core/frame.py", line 4102, in __getitem__
    indexer = self.columns.get_loc(key)
              ^^^^^^^^^^^^^^^^^^^^^^^^^
  File "/Users/jinsupark/miniforge3/lib/python3.12/site-packages/pandas/core/indexes/base.py", line 3812, in get_loc
    raise KeyError(key) from err
KeyError: 'Lifetime_years'
